<?xml version="1.0" encoding="UTF-8"?>
<testsuite xmlns:xsi="http://www.w3.org/2001/XMLSchema-instance" xsi:noNamespaceSchemaLocation="https://maven.apache.org/surefire/maven-surefire-plugin/xsd/surefire-test-report.xsd" name="com.streamlinity.ct.bst.BstTestNoDupsTests" time="0.086" tests="5" errors="5" skipped="0" failures="0">
  <properties>
    <property name="gopherProxySet" value="false"/>
    <property name="awt.toolkit" value="sun.lwawt.macosx.LWCToolkit"/>
    <property name="file.encoding.pkg" value="sun.io"/>
    <property name="java.specification.version" value="1.8"/>
    <property name="sun.cpu.isalist" value=""/>
    <property name="sun.jnu.encoding" value="UTF-8"/>
    <property name="java.class.path" value="/Users/lhe/Documents/JavaBatch_workspace_3/OnlineTest/target/test-classes:/Users/lhe/Documents/JavaBatch_workspace_3/OnlineTest/target/classes:/Users/lhe/.m2/repository/org/springframework/boot/spring-boot-starter/2.1.3.RELEASE/spring-boot-starter-2.1.3.RELEASE.jar:/Users/lhe/.m2/repository/org/springframework/boot/spring-boot/2.1.3.RELEASE/spring-boot-2.1.3.RELEASE.jar:/Users/lhe/.m2/repository/org/springframework/spring-context/5.1.5.RELEASE/spring-context-5.1.5.RELEASE.jar:/Users/lhe/.m2/repository/org/springframework/spring-aop/5.1.5.RELEASE/spring-aop-5.1.5.RELEASE.jar:/Users/lhe/.m2/repository/org/springframework/spring-beans/5.1.5.RELEASE/spring-beans-5.1.5.RELEASE.jar:/Users/lhe/.m2/repository/org/springframework/spring-expression/5.1.5.RELEASE/spring-expression-5.1.5.RELEASE.jar:/Users/lhe/.m2/repository/org/springframework/boot/spring-boot-autoconfigure/2.1.3.RELEASE/spring-boot-autoconfigure-2.1.3.RELEASE.jar:/Users/lhe/.m2/repository/org/springframework/boot/spring-boot-starter-logging/2.1.3.RELEASE/spring-boot-starter-logging-2.1.3.RELEASE.jar:/Users/lhe/.m2/repository/ch/qos/logback/logback-classic/1.2.3/logback-classic-1.2.3.jar:/Users/lhe/.m2/repository/ch/qos/logback/logback-core/1.2.3/logback-core-1.2.3.jar:/Users/lhe/.m2/repository/org/apache/logging/log4j/log4j-to-slf4j/2.11.2/log4j-to-slf4j-2.11.2.jar:/Users/lhe/.m2/repository/org/apache/logging/log4j/log4j-api/2.11.2/log4j-api-2.11.2.jar:/Users/lhe/.m2/repository/org/slf4j/jul-to-slf4j/1.7.25/jul-to-slf4j-1.7.25.jar:/Users/lhe/.m2/repository/javax/annotation/javax.annotation-api/1.3.2/javax.annotation-api-1.3.2.jar:/Users/lhe/.m2/repository/org/springframework/spring-core/5.1.5.RELEASE/spring-core-5.1.5.RELEASE.jar:/Users/lhe/.m2/repository/org/springframework/spring-jcl/5.1.5.RELEASE/spring-jcl-5.1.5.RELEASE.jar:/Users/lhe/.m2/repository/org/yaml/snakeyaml/1.23/snakeyaml-1.23.jar:/Users/lhe/.m2/repository/org/springframework/boot/spring-boot-starter-test/2.1.3.RELEASE/spring-boot-starter-test-2.1.3.RELEASE.jar:/Users/lhe/.m2/repository/org/springframework/boot/spring-boot-test/2.1.3.RELEASE/spring-boot-test-2.1.3.RELEASE.jar:/Users/lhe/.m2/repository/org/springframework/boot/spring-boot-test-autoconfigure/2.1.3.RELEASE/spring-boot-test-autoconfigure-2.1.3.RELEASE.jar:/Users/lhe/.m2/repository/com/jayway/jsonpath/json-path/2.4.0/json-path-2.4.0.jar:/Users/lhe/.m2/repository/net/minidev/json-smart/2.3/json-smart-2.3.jar:/Users/lhe/.m2/repository/net/minidev/accessors-smart/1.2/accessors-smart-1.2.jar:/Users/lhe/.m2/repository/org/ow2/asm/asm/5.0.4/asm-5.0.4.jar:/Users/lhe/.m2/repository/org/slf4j/slf4j-api/1.7.25/slf4j-api-1.7.25.jar:/Users/lhe/.m2/repository/junit/junit/4.12/junit-4.12.jar:/Users/lhe/.m2/repository/org/hamcrest/hamcrest-core/1.3/hamcrest-core-1.3.jar:/Users/lhe/.m2/repository/org/hamcrest/hamcrest-library/1.3/hamcrest-library-1.3.jar:/Users/lhe/.m2/repository/org/skyscreamer/jsonassert/1.5.0/jsonassert-1.5.0.jar:/Users/lhe/.m2/repository/com/vaadin/external/google/android-json/0.0.20131108.vaadin1/android-json-0.0.20131108.vaadin1.jar:/Users/lhe/.m2/repository/org/springframework/spring-test/5.1.5.RELEASE/spring-test-5.1.5.RELEASE.jar:/Users/lhe/.m2/repository/org/xmlunit/xmlunit-core/2.6.2/xmlunit-core-2.6.2.jar:/Users/lhe/.m2/repository/org/mockito/mockito-core/2.23.4/mockito-core-2.23.4.jar:/Users/lhe/.m2/repository/net/bytebuddy/byte-buddy/1.9.10/byte-buddy-1.9.10.jar:/Users/lhe/.m2/repository/net/bytebuddy/byte-buddy-agent/1.9.10/byte-buddy-agent-1.9.10.jar:/Users/lhe/.m2/repository/org/objenesis/objenesis/2.6/objenesis-2.6.jar:/Users/lhe/.m2/repository/com/google/guava/guava/21.0/guava-21.0.jar:/Users/lhe/.m2/repository/org/assertj/assertj-core/3.11.1/assertj-core-3.11.1.jar:/Users/lhe/.m2/repository/org/projectlombok/lombok/1.18.6/lombok-1.18.6.jar:"/>
    <property name="java.vm.vendor" value="Oracle Corporation"/>
    <property name="sun.arch.data.model" value="64"/>
    <property name="java.vendor.url" value="http://java.oracle.com/"/>
    <property name="user.timezone" value=""/>
    <property name="java.vm.specification.version" value="1.8"/>
    <property name="os.name" value="Mac OS X"/>
    <property name="user.country" value="US"/>
    <property name="sun.java.launcher" value="SUN_STANDARD"/>
    <property name="sun.boot.library.path" value="/Library/Java/JavaVirtualMachines/jdk1.8.0_111.jdk/Contents/Home/jre/lib"/>
    <property name="sun.java.command" value="/Users/lhe/Documents/JavaBatch_workspace_3/OnlineTest/target/surefire/surefirebooter2468183866290141351.jar /Users/lhe/Documents/JavaBatch_workspace_3/OnlineTest/target/surefire 2019-07-17T15-12-45_031-jvmRun1 surefire2164565064982983644tmp surefire_01163750987466548365tmp"/>
    <property name="surefire.test.class.path" value="/Users/lhe/Documents/JavaBatch_workspace_3/OnlineTest/target/test-classes:/Users/lhe/Documents/JavaBatch_workspace_3/OnlineTest/target/classes:/Users/lhe/.m2/repository/org/springframework/boot/spring-boot-starter/2.1.3.RELEASE/spring-boot-starter-2.1.3.RELEASE.jar:/Users/lhe/.m2/repository/org/springframework/boot/spring-boot/2.1.3.RELEASE/spring-boot-2.1.3.RELEASE.jar:/Users/lhe/.m2/repository/org/springframework/spring-context/5.1.5.RELEASE/spring-context-5.1.5.RELEASE.jar:/Users/lhe/.m2/repository/org/springframework/spring-aop/5.1.5.RELEASE/spring-aop-5.1.5.RELEASE.jar:/Users/lhe/.m2/repository/org/springframework/spring-beans/5.1.5.RELEASE/spring-beans-5.1.5.RELEASE.jar:/Users/lhe/.m2/repository/org/springframework/spring-expression/5.1.5.RELEASE/spring-expression-5.1.5.RELEASE.jar:/Users/lhe/.m2/repository/org/springframework/boot/spring-boot-autoconfigure/2.1.3.RELEASE/spring-boot-autoconfigure-2.1.3.RELEASE.jar:/Users/lhe/.m2/repository/org/springframework/boot/spring-boot-starter-logging/2.1.3.RELEASE/spring-boot-starter-logging-2.1.3.RELEASE.jar:/Users/lhe/.m2/repository/ch/qos/logback/logback-classic/1.2.3/logback-classic-1.2.3.jar:/Users/lhe/.m2/repository/ch/qos/logback/logback-core/1.2.3/logback-core-1.2.3.jar:/Users/lhe/.m2/repository/org/apache/logging/log4j/log4j-to-slf4j/2.11.2/log4j-to-slf4j-2.11.2.jar:/Users/lhe/.m2/repository/org/apache/logging/log4j/log4j-api/2.11.2/log4j-api-2.11.2.jar:/Users/lhe/.m2/repository/org/slf4j/jul-to-slf4j/1.7.25/jul-to-slf4j-1.7.25.jar:/Users/lhe/.m2/repository/javax/annotation/javax.annotation-api/1.3.2/javax.annotation-api-1.3.2.jar:/Users/lhe/.m2/repository/org/springframework/spring-core/5.1.5.RELEASE/spring-core-5.1.5.RELEASE.jar:/Users/lhe/.m2/repository/org/springframework/spring-jcl/5.1.5.RELEASE/spring-jcl-5.1.5.RELEASE.jar:/Users/lhe/.m2/repository/org/yaml/snakeyaml/1.23/snakeyaml-1.23.jar:/Users/lhe/.m2/repository/org/springframework/boot/spring-boot-starter-test/2.1.3.RELEASE/spring-boot-starter-test-2.1.3.RELEASE.jar:/Users/lhe/.m2/repository/org/springframework/boot/spring-boot-test/2.1.3.RELEASE/spring-boot-test-2.1.3.RELEASE.jar:/Users/lhe/.m2/repository/org/springframework/boot/spring-boot-test-autoconfigure/2.1.3.RELEASE/spring-boot-test-autoconfigure-2.1.3.RELEASE.jar:/Users/lhe/.m2/repository/com/jayway/jsonpath/json-path/2.4.0/json-path-2.4.0.jar:/Users/lhe/.m2/repository/net/minidev/json-smart/2.3/json-smart-2.3.jar:/Users/lhe/.m2/repository/net/minidev/accessors-smart/1.2/accessors-smart-1.2.jar:/Users/lhe/.m2/repository/org/ow2/asm/asm/5.0.4/asm-5.0.4.jar:/Users/lhe/.m2/repository/org/slf4j/slf4j-api/1.7.25/slf4j-api-1.7.25.jar:/Users/lhe/.m2/repository/junit/junit/4.12/junit-4.12.jar:/Users/lhe/.m2/repository/org/hamcrest/hamcrest-core/1.3/hamcrest-core-1.3.jar:/Users/lhe/.m2/repository/org/hamcrest/hamcrest-library/1.3/hamcrest-library-1.3.jar:/Users/lhe/.m2/repository/org/skyscreamer/jsonassert/1.5.0/jsonassert-1.5.0.jar:/Users/lhe/.m2/repository/com/vaadin/external/google/android-json/0.0.20131108.vaadin1/android-json-0.0.20131108.vaadin1.jar:/Users/lhe/.m2/repository/org/springframework/spring-test/5.1.5.RELEASE/spring-test-5.1.5.RELEASE.jar:/Users/lhe/.m2/repository/org/xmlunit/xmlunit-core/2.6.2/xmlunit-core-2.6.2.jar:/Users/lhe/.m2/repository/org/mockito/mockito-core/2.23.4/mockito-core-2.23.4.jar:/Users/lhe/.m2/repository/net/bytebuddy/byte-buddy/1.9.10/byte-buddy-1.9.10.jar:/Users/lhe/.m2/repository/net/bytebuddy/byte-buddy-agent/1.9.10/byte-buddy-agent-1.9.10.jar:/Users/lhe/.m2/repository/org/objenesis/objenesis/2.6/objenesis-2.6.jar:/Users/lhe/.m2/repository/com/google/guava/guava/21.0/guava-21.0.jar:/Users/lhe/.m2/repository/org/assertj/assertj-core/3.11.1/assertj-core-3.11.1.jar:/Users/lhe/.m2/repository/org/projectlombok/lombok/1.18.6/lombok-1.18.6.jar:"/>
    <property name="sun.cpu.endian" value="little"/>
    <property name="user.home" value="/Users/lhe"/>
    <property name="user.language" value="en"/>
    <property name="java.specification.vendor" value="Oracle Corporation"/>
    <property name="java.home" value="/Library/Java/JavaVirtualMachines/jdk1.8.0_111.jdk/Contents/Home/jre"/>
    <property name="basedir" value="/Users/lhe/Documents/JavaBatch_workspace_3/OnlineTest"/>
    <property name="file.separator" value="/"/>
    <property name="line.separator" value="&#10;"/>
    <property name="java.vm.specification.vendor" value="Oracle Corporation"/>
    <property name="java.specification.name" value="Java Platform API Specification"/>
    <property name="java.awt.graphicsenv" value="sun.awt.CGraphicsEnvironment"/>
    <property name="surefire.real.class.path" value="/Users/lhe/Documents/JavaBatch_workspace_3/OnlineTest/target/surefire/surefirebooter2468183866290141351.jar"/>
    <property name="sun.boot.class.path" value="/Library/Java/JavaVirtualMachines/jdk1.8.0_111.jdk/Contents/Home/jre/lib/resources.jar:/Library/Java/JavaVirtualMachines/jdk1.8.0_111.jdk/Contents/Home/jre/lib/rt.jar:/Library/Java/JavaVirtualMachines/jdk1.8.0_111.jdk/Contents/Home/jre/lib/sunrsasign.jar:/Library/Java/JavaVirtualMachines/jdk1.8.0_111.jdk/Contents/Home/jre/lib/jsse.jar:/Library/Java/JavaVirtualMachines/jdk1.8.0_111.jdk/Contents/Home/jre/lib/jce.jar:/Library/Java/JavaVirtualMachines/jdk1.8.0_111.jdk/Contents/Home/jre/lib/charsets.jar:/Library/Java/JavaVirtualMachines/jdk1.8.0_111.jdk/Contents/Home/jre/lib/jfr.jar:/Library/Java/JavaVirtualMachines/jdk1.8.0_111.jdk/Contents/Home/jre/classes"/>
    <property name="sun.management.compiler" value="HotSpot 64-Bit Tiered Compilers"/>
    <property name="java.runtime.version" value="1.8.0_111-b14"/>
    <property name="user.name" value="lhe"/>
    <property name="path.separator" value=":"/>
    <property name="os.version" value="10.14.3"/>
    <property name="java.endorsed.dirs" value="/Library/Java/JavaVirtualMachines/jdk1.8.0_111.jdk/Contents/Home/jre/lib/endorsed"/>
    <property name="java.runtime.name" value="Java(TM) SE Runtime Environment"/>
    <property name="file.encoding" value="UTF-8"/>
    <property name="java.vm.name" value="Java HotSpot(TM) 64-Bit Server VM"/>
    <property name="localRepository" value="/Users/lhe/.m2/repository"/>
    <property name="java.vendor.url.bug" value="http://bugreport.sun.com/bugreport/"/>
    <property name="java.io.tmpdir" value="/var/folders/yt/xgp226l140n3xsc_yfk8jk6m0000gn/T/"/>
    <property name="java.version" value="1.8.0_111"/>
    <property name="user.dir" value="/Users/lhe/Documents/JavaBatch_workspace_3/OnlineTest"/>
    <property name="os.arch" value="x86_64"/>
    <property name="java.vm.specification.name" value="Java Virtual Machine Specification"/>
    <property name="java.awt.printerjob" value="sun.lwawt.macosx.CPrinterJob"/>
    <property name="sun.os.patch.level" value="unknown"/>
    <property name="java.library.path" value="/Users/lhe/Library/Java/Extensions:/Library/Java/Extensions:/Network/Library/Java/Extensions:/System/Library/Java/Extensions:/usr/lib/java:."/>
    <property name="java.vm.info" value="mixed mode"/>
    <property name="java.vendor" value="Oracle Corporation"/>
    <property name="java.vm.version" value="25.111-b14"/>
    <property name="java.ext.dirs" value="/Users/lhe/Library/Java/Extensions:/Library/Java/JavaVirtualMachines/jdk1.8.0_111.jdk/Contents/Home/jre/lib/ext:/Library/Java/Extensions:/Network/Library/Java/Extensions:/System/Library/Java/Extensions:/usr/lib/java"/>
    <property name="sun.io.unicode.encoding" value="UnicodeBig"/>
    <property name="java.class.version" value="52.0"/>
  </properties>
  <testcase name="testSearchInBstForExistingValue" classname="com.streamlinity.ct.bst.BstTestNoDupsTests" time="0.009">
    <error type="java.lang.NullPointerException">java.lang.NullPointerException
	at com.streamlinity.ct.bst.BstTestNoDupsTests.testSearchInBstForExistingValue(BstTestNoDupsTests.java:71)
</error>
    <system-out><![CDATA[2019-07-17 15:13:07.233  INFO 69815 --- [           main] .b.t.c.SpringBootTestContextBootstrapper : Neither @ContextConfiguration nor @ContextHierarchy found for test class [com.streamlinity.ct.bst.BstTestNoDupsTests], using SpringBootContextLoader
2019-07-17 15:13:07.234  INFO 69815 --- [           main] o.s.t.c.support.AbstractContextLoader    : Could not detect default resource locations for test class [com.streamlinity.ct.bst.BstTestNoDupsTests]: no resource found for suffixes {-context.xml, Context.groovy}.
2019-07-17 15:13:07.235  INFO 69815 --- [           main] t.c.s.AnnotationConfigContextLoaderUtils : Could not detect default configuration classes for test class [com.streamlinity.ct.bst.BstTestNoDupsTests]: BstTestNoDupsTests does not declare any static, non-private, non-final, nested classes annotated with @Configuration.
2019-07-17 15:13:07.237  INFO 69815 --- [           main] .b.t.c.SpringBootTestContextBootstrapper : Found @SpringBootConfiguration com.streamlinity.ct.bst.BstTestApplication for test class com.streamlinity.ct.bst.BstTestNoDupsTests
2019-07-17 15:13:07.288  INFO 69815 --- [           main] .b.t.c.SpringBootTestContextBootstrapper : Loaded default TestExecutionListener class names from location [META-INF/spring.factories]: [org.springframework.boot.test.mock.mockito.MockitoTestExecutionListener, org.springframework.boot.test.mock.mockito.ResetMocksTestExecutionListener, org.springframework.boot.test.autoconfigure.restdocs.RestDocsTestExecutionListener, org.springframework.boot.test.autoconfigure.web.client.MockRestServiceServerResetTestExecutionListener, org.springframework.boot.test.autoconfigure.web.servlet.MockMvcPrintOnlyOnFailureTestExecutionListener, org.springframework.boot.test.autoconfigure.web.servlet.WebDriverTestExecutionListener, org.springframework.test.context.web.ServletTestExecutionListener, org.springframework.test.context.support.DirtiesContextBeforeModesTestExecutionListener, org.springframework.test.context.support.DependencyInjectionTestExecutionListener, org.springframework.test.context.support.DirtiesContextTestExecutionListener, org.springframework.test.context.transaction.TransactionalTestExecutionListener, org.springframework.test.context.jdbc.SqlScriptsTestExecutionListener]
2019-07-17 15:13:07.300  INFO 69815 --- [           main] .b.t.c.SpringBootTestContextBootstrapper : Using TestExecutionListeners: [org.springframework.test.context.support.DirtiesContextBeforeModesTestExecutionListener@69637b10, org.springframework.boot.test.mock.mockito.MockitoTestExecutionListener@71984c3, org.springframework.boot.test.autoconfigure.SpringBootDependencyInjectionTestExecutionListener@165b2f7f, org.springframework.test.context.support.DirtiesContextTestExecutionListener@5536379e, org.springframework.boot.test.mock.mockito.ResetMocksTestExecutionListener@277f7dd3, org.springframework.boot.test.autoconfigure.restdocs.RestDocsTestExecutionListener@6c8bca63, org.springframework.boot.test.autoconfigure.web.client.MockRestServiceServerResetTestExecutionListener@2364305a, org.springframework.boot.test.autoconfigure.web.servlet.MockMvcPrintOnlyOnFailureTestExecutionListener@470a696f, org.springframework.boot.test.autoconfigure.web.servlet.WebDriverTestExecutionListener@1bc715b8]
]]></system-out>
  </testcase>
  <testcase name="testClear" classname="com.streamlinity.ct.bst.BstTestNoDupsTests" time="0.001">
    <error type="java.lang.NullPointerException">java.lang.NullPointerException
	at com.streamlinity.ct.bst.BstTestNoDupsTests.testClear(BstTestNoDupsTests.java:102)
</error>
  </testcase>
  <testcase name="testValueCountInBst" classname="com.streamlinity.ct.bst.BstTestNoDupsTests" time="0.006">
    <error type="java.lang.NullPointerException">java.lang.NullPointerException
	at com.streamlinity.ct.bst.BstTestNoDupsTests.testValueCountInBst(BstTestNoDupsTests.java:38)
</error>
  </testcase>
  <testcase name="testSearchInBstForMissingValue" classname="com.streamlinity.ct.bst.BstTestNoDupsTests" time="0.006">
    <error type="java.lang.NullPointerException">java.lang.NullPointerException
	at com.streamlinity.ct.bst.BstTestNoDupsTests.testSearchInBstForMissingValue(BstTestNoDupsTests.java:89)
</error>
  </testcase>
  <testcase name="testCorrectBstTreeConstruction" classname="com.streamlinity.ct.bst.BstTestNoDupsTests" time="0.003">
    <error type="java.lang.NullPointerException">java.lang.NullPointerException
	at com.streamlinity.ct.bst.BstTestNoDupsTests.testCorrectBstTreeConstruction(BstTestNoDupsTests.java:52)
</error>
  </testcase>
</testsuite>